<?xml version="1.0" encoding="UTF-8"?>
<!-- Generated by org.testng.reporters.JUnitXMLReporter -->
<testsuite ignored="0" hostname="DESKTOP-TQN180S" failures="0" tests="3" name="HomePageTest" time="6.894" errors="0" timestamp="2025-03-03T15:41:28 IST">
  <testcase classname="com.CRM.TestCase.HomePageTestCase" name="verifyURL" time="0.04"/>
  <testcase classname="com.CRM.TestCase.HomePageTestCase" name="verifyTitle" time="0.018"/>
  <testcase classname="com.CRM.TestCase.HomePageTestCase" name="verifySignInLink" time="1.207"/>
</testsuite> <!-- HomePageTest -->
