<?xml version="1.0" encoding="UTF-8"?>
<!-- Generated by org.testng.reporters.JUnitXMLReporter -->
<testsuite ignored="0" hostname="DESKTOP-TQN180S" failures="0" tests="3" name="HomePageTest" time="9.039" errors="0" timestamp="2025-02-21T21:38:56 IST">
  <testcase classname="com.CRM.TestCase.HomePageTestCase" name="verifyURL" time="0.028"/>
  <testcase classname="com.CRM.TestCase.HomePageTestCase" name="verifyTitle" time="0.016"/>
  <testcase classname="com.CRM.TestCase.HomePageTestCase" name="verifySignInLink" time="1.876"/>
</testsuite> <!-- HomePageTest -->
