<?xml version="1.0" encoding="UTF-8"?>
<testng-results ignored="0" total="4" passed="4" failed="0" skipped="0">
  <reporter-output>
  </reporter-output>
  <suite started-at="2025-02-21T21:38:47 IST" name="Suite" finished-at="2025-02-21T21:39:14 IST" duration-ms="26613">
    <groups>
    </groups>
    <test started-at="2025-02-21T21:38:47 IST" name="HomePageTest" finished-at="2025-02-21T21:38:56 IST" duration-ms="9039">
      <class name="com.CRM.TestCase.HomePageTestCase">
        <test-method is-config="true" signature="setUp()[pri:0, instance:com.CRM.TestCase.HomePageTestCase@6d763516]" started-at="2025-02-21T21:38:47 IST" name="setUp" finished-at="2025-02-21T21:38:54 IST" duration-ms="6708" status="PASS">
          <reporter-output>
          </reporter-output>
        </test-method> <!-- setUp -->
        <test-method signature="verifyURL()[pri:1, instance:com.CRM.TestCase.HomePageTestCase@6d763516]" started-at="2025-02-21T21:38:54 IST" name="verifyURL" finished-at="2025-02-21T21:38:54 IST" duration-ms="28" status="PASS">
          <reporter-output>
          </reporter-output>
        </test-method> <!-- verifyURL -->
        <test-method signature="verifyTitle()[pri:2, instance:com.CRM.TestCase.HomePageTestCase@6d763516]" started-at="2025-02-21T21:38:54 IST" name="verifyTitle" finished-at="2025-02-21T21:38:54 IST" duration-ms="16" status="PASS">
          <reporter-output>
          </reporter-output>
        </test-method> <!-- verifyTitle -->
        <test-method signature="verifySignInLink()[pri:3, instance:com.CRM.TestCase.HomePageTestCase@6d763516]" started-at="2025-02-21T21:38:54 IST" name="verifySignInLink" finished-at="2025-02-21T21:38:56 IST" duration-ms="1876" status="PASS">
          <reporter-output>
          </reporter-output>
        </test-method> <!-- verifySignInLink -->
        <test-method is-config="true" signature="tearDown()[pri:0, instance:com.CRM.TestCase.HomePageTestCase@6d763516]" started-at="2025-02-21T21:38:56 IST" name="tearDown" finished-at="2025-02-21T21:38:56 IST" duration-ms="276" status="PASS">
          <reporter-output>
          </reporter-output>
        </test-method> <!-- tearDown -->
      </class> <!-- com.CRM.TestCase.HomePageTestCase -->
    </test> <!-- HomePageTest -->
    <test started-at="2025-02-21T21:38:56 IST" name="LoginPageTest" finished-at="2025-02-21T21:39:14 IST" duration-ms="17511">
      <class name="com.CRM.TestCase.LoginPageTestCase">
        <test-method is-config="true" signature="setUp()[pri:0, instance:com.CRM.TestCase.LoginPageTestCase@4c371370]" started-at="2025-02-21T21:38:56 IST" name="setUp" finished-at="2025-02-21T21:39:00 IST" duration-ms="3942" status="PASS">
          <reporter-output>
          </reporter-output>
        </test-method> <!-- setUp -->
        <test-method is-config="true" signature="pageSetup()[pri:0, instance:com.CRM.TestCase.LoginPageTestCase@4c371370]" started-at="2025-02-21T21:39:00 IST" name="pageSetup" finished-at="2025-02-21T21:39:01 IST" duration-ms="1160" status="PASS">
          <reporter-output>
          </reporter-output>
        </test-method> <!-- pageSetup -->
        <test-method signature="validateLogin()[pri:0, instance:com.CRM.TestCase.LoginPageTestCase@4c371370]" started-at="2025-02-21T21:39:01 IST" name="validateLogin" finished-at="2025-02-21T21:39:13 IST" duration-ms="12139" status="PASS">
          <reporter-output>
          </reporter-output>
        </test-method> <!-- validateLogin -->
        <test-method is-config="true" signature="tearDown()[pri:0, instance:com.CRM.TestCase.LoginPageTestCase@4c371370]" started-at="2025-02-21T21:39:13 IST" name="tearDown" finished-at="2025-02-21T21:39:14 IST" duration-ms="260" status="PASS">
          <reporter-output>
          </reporter-output>
        </test-method> <!-- tearDown -->
      </class> <!-- com.CRM.TestCase.LoginPageTestCase -->
    </test> <!-- LoginPageTest -->
  </suite> <!-- Suite -->
</testng-results>
