<?xml version="1.0" encoding="UTF-8"?>
<testng-results ignored="0" total="4" passed="4" failed="0" skipped="0">
  <reporter-output>
  </reporter-output>
  <suite started-at="2025-02-15T14:37:14 IST" name="Suite" finished-at="2025-02-15T14:37:34 IST" duration-ms="19959">
    <groups>
    </groups>
    <test started-at="2025-02-15T14:37:14 IST" name="HomePageTest" finished-at="2025-02-15T14:37:27 IST" duration-ms="13866">
      <class name="com.CRM.TestCase.HomePageTestCase">
        <test-method is-config="true" signature="setUp()[pri:0, instance:com.CRM.TestCase.HomePageTestCase@5b12b668]" started-at="2025-02-15T14:37:14 IST" name="setUp" finished-at="2025-02-15T14:37:26 IST" duration-ms="12729" status="PASS">
          <reporter-output>
          </reporter-output>
        </test-method> <!-- setUp -->
        <test-method signature="verifyURL()[pri:1, instance:com.CRM.TestCase.HomePageTestCase@5b12b668]" started-at="2025-02-15T14:37:26 IST" name="verifyURL" finished-at="2025-02-15T14:37:26 IST" duration-ms="45" status="PASS">
          <reporter-output>
          </reporter-output>
        </test-method> <!-- verifyURL -->
        <test-method signature="verifyTitle()[pri:2, instance:com.CRM.TestCase.HomePageTestCase@5b12b668]" started-at="2025-02-15T14:37:26 IST" name="verifyTitle" finished-at="2025-02-15T14:37:26 IST" duration-ms="32" status="PASS">
          <reporter-output>
          </reporter-output>
        </test-method> <!-- verifyTitle -->
        <test-method signature="verifySignInLink()[pri:3, instance:com.CRM.TestCase.HomePageTestCase@5b12b668]" started-at="2025-02-15T14:37:26 IST" name="verifySignInLink" finished-at="2025-02-15T14:37:27 IST" duration-ms="693" status="PASS">
          <reporter-output>
          </reporter-output>
        </test-method> <!-- verifySignInLink -->
        <test-method is-config="true" signature="tearDown()[pri:0, instance:com.CRM.TestCase.HomePageTestCase@5b12b668]" started-at="2025-02-15T14:37:27 IST" name="tearDown" finished-at="2025-02-15T14:37:27 IST" duration-ms="284" status="PASS">
          <reporter-output>
          </reporter-output>
        </test-method> <!-- tearDown -->
      </class> <!-- com.CRM.TestCase.HomePageTestCase -->
    </test> <!-- HomePageTest -->
    <test started-at="2025-02-15T14:37:28 IST" name="LoginPageTest" finished-at="2025-02-15T14:37:34 IST" duration-ms="5963">
      <class name="com.CRM.TestCase.LoginPageTestCase">
        <test-method is-config="true" signature="setUp()[pri:0, instance:com.CRM.TestCase.LoginPageTestCase@544fa968]" started-at="2025-02-15T14:37:28 IST" name="setUp" finished-at="2025-02-15T14:37:31 IST" duration-ms="3338" status="PASS">
          <reporter-output>
          </reporter-output>
        </test-method> <!-- setUp -->
        <test-method is-config="true" signature="pageSetup()[pri:0, instance:com.CRM.TestCase.LoginPageTestCase@544fa968]" started-at="2025-02-15T14:37:31 IST" name="pageSetup" finished-at="2025-02-15T14:37:32 IST" duration-ms="1147" status="PASS">
          <reporter-output>
          </reporter-output>
        </test-method> <!-- pageSetup -->
        <test-method signature="validateLogin()[pri:0, instance:com.CRM.TestCase.LoginPageTestCase@544fa968]" started-at="2025-02-15T14:37:32 IST" name="validateLogin" finished-at="2025-02-15T14:37:33 IST" duration-ms="1234" status="PASS">
          <reporter-output>
          </reporter-output>
        </test-method> <!-- validateLogin -->
        <test-method is-config="true" signature="tearDown()[pri:0, instance:com.CRM.TestCase.LoginPageTestCase@544fa968]" started-at="2025-02-15T14:37:33 IST" name="tearDown" finished-at="2025-02-15T14:37:34 IST" duration-ms="222" status="PASS">
          <reporter-output>
          </reporter-output>
        </test-method> <!-- tearDown -->
      </class> <!-- com.CRM.TestCase.LoginPageTestCase -->
    </test> <!-- LoginPageTest -->
  </suite> <!-- Suite -->
</testng-results>
